Using pre-set license
Built from '2022.3/staging' branch; Version is '2022.3.16f1 (d2c21f0ef2f1) revision 13812255'; Using compiler version '192829333'; Build Type 'Release'
OS: 'Windows 10  (10.0.19045) 64bit CoreSingleLanguage' Language: 'en' Physical Memory: 7894 MB
BatchMode: 1, IsHumanControllingUs: 0, StartBugReporterOnCrash: 0, Is64bit: 1, IsPro: 1

COMMAND LINE ARGUMENTS:
C:\Program Files\Unity\Hub\Editor\2022.3.16f1\Editor\Unity.exe
-adb2
-batchMode
-noUpm
-name
AssetImportWorker0
-projectPath
D:/Desktop/Game/ThucHanh/lab8/52100812_Lab7_Game/My project
-logFile
Logs/AssetImportWorker0.log
-srvPort
61855
Successfully changed project path to: D:/Desktop/Game/ThucHanh/lab8/52100812_Lab7_Game/My project
D:/Desktop/Game/ThucHanh/lab8/52100812_Lab7_Game/My project
[UnityMemory] Configuration Parameters - Can be set up in boot.config
    "memorysetup-bucket-allocator-granularity=16"
    "memorysetup-bucket-allocator-bucket-count=8"
    "memorysetup-bucket-allocator-block-size=33554432"
    "memorysetup-bucket-allocator-block-count=8"
    "memorysetup-main-allocator-block-size=16777216"
    "memorysetup-thread-allocator-block-size=16777216"
    "memorysetup-gfx-main-allocator-block-size=16777216"
    "memorysetup-gfx-thread-allocator-block-size=16777216"
    "memorysetup-cache-allocator-block-size=4194304"
    "memorysetup-typetree-allocator-block-size=2097152"
    "memorysetup-profiler-bucket-allocator-granularity=16"
    "memorysetup-profiler-bucket-allocator-bucket-count=8"
    "memorysetup-profiler-bucket-allocator-block-size=33554432"
    "memorysetup-profiler-bucket-allocator-block-count=8"
    "memorysetup-profiler-allocator-block-size=16777216"
    "memorysetup-profiler-editor-allocator-block-size=1048576"
    "memorysetup-temp-allocator-size-main=16777216"
    "memorysetup-job-temp-allocator-block-size=2097152"
    "memorysetup-job-temp-allocator-block-size-background=1048576"
    "memorysetup-job-temp-allocator-reduction-small-platforms=262144"
    "memorysetup-allocator-temp-initial-block-size-main=262144"
    "memorysetup-allocator-temp-initial-block-size-worker=262144"
    "memorysetup-temp-allocator-size-background-worker=32768"
    "memorysetup-temp-allocator-size-job-worker=262144"
    "memorysetup-temp-allocator-size-preload-manager=33554432"
    "memorysetup-temp-allocator-size-nav-mesh-worker=65536"
    "memorysetup-temp-allocator-size-audio-worker=65536"
    "memorysetup-temp-allocator-size-cloud-worker=32768"
    "memorysetup-temp-allocator-size-gi-baking-worker=262144"
    "memorysetup-temp-allocator-size-gfx=262144"
Player connection [7916] Host "[IP] 192.168.56.1 [Port] 0 [Flags] 2 [Guid] 3567976932 [EditorId] 3567976932 [Version] 1048832 [Id] WindowsEditor(7,Lan) [Debug] 1 [PackageName] WindowsEditor [ProjectName] Editor" joined multi-casting on [225.0.0.222:54997]...

Player connection [7916] Host "[IP] 192.168.56.1 [Port] 0 [Flags] 2 [Guid] 3567976932 [EditorId] 3567976932 [Version] 1048832 [Id] WindowsEditor(7,Lan) [Debug] 1 [PackageName] WindowsEditor [ProjectName] Editor" joined alternative multi-casting on [225.0.0.222:34997]...

[Physics::Module] Initialized MultithreadedJobDispatcher with 7 workers.
Refreshing native plugins compatible for Editor in 0.00 ms, found 0 plugins.
Preloading 0 native plugins for Editor in 0.00 ms.
Initialize engine version: 2022.3.16f1 (d2c21f0ef2f1)
[Subsystems] Discovering subsystems at path C:/Program Files/Unity/Hub/Editor/2022.3.16f1/Editor/Data/Resources/UnitySubsystems
[Subsystems] Discovering subsystems at path D:/Desktop/Game/ThucHanh/lab8/52100812_Lab7_Game/My project/Assets
GfxDevice: creating device client; threaded=0; jobified=0
Direct3D:
    Version:  Direct3D 11.0 [level 11.1]
    Renderer: Intel(R) Iris(R) Xe Graphics (ID=0x9a49)
    Vendor:   Intel
    VRAM:     3947 MB
    Driver:   30.0.100.9864
Initialize mono
Mono path[0] = 'C:/Program Files/Unity/Hub/Editor/2022.3.16f1/Editor/Data/Managed'
Mono path[1] = 'C:/Program Files/Unity/Hub/Editor/2022.3.16f1/Editor/Data/MonoBleedingEdge/lib/mono/unityjit-win32'
Mono config path = 'C:/Program Files/Unity/Hub/Editor/2022.3.16f1/Editor/Data/MonoBleedingEdge/etc'
Using monoOptions --debugger-agent=transport=dt_socket,embedding=1,server=y,suspend=n,address=127.0.0.1:56772
Begin MonoManager ReloadAssembly
Registering precompiled unity dll's ...
Register platform support module: C:/Program Files/Unity/Hub/Editor/2022.3.16f1/Editor/Data/PlaybackEngines/WebGLSupport/UnityEditor.WebGL.Extensions.dll
Register platform support module: C:/Program Files/Unity/Hub/Editor/2022.3.16f1/Editor/Data/PlaybackEngines/WindowsStandaloneSupport/UnityEditor.WindowsStandalone.Extensions.dll
Registered in 0.012619 seconds.
- Loaded All Assemblies, in  0.603 seconds
Native extension for WindowsStandalone target not found
Native extension for WebGL target not found
Mono: successfully reloaded assembly
- Finished resetting the current domain, in  0.351 seconds
Domain Reload Profiling: 953ms
	BeginReloadAssembly (260ms)
		ExecutionOrderSort (0ms)
		DisableScriptedObjects (0ms)
		BackupInstance (0ms)
		ReleaseScriptingObjects (0ms)
		CreateAndSetChildDomain (1ms)
	RebuildCommonClasses (60ms)
	RebuildNativeTypeToScriptingClass (13ms)
	initialDomainReloadingComplete (77ms)
	LoadAllAssembliesAndSetupDomain (192ms)
		LoadAssemblies (257ms)
		RebuildTransferFunctionScriptingTraits (0ms)
		AnalyzeDomain (189ms)
			TypeCache.Refresh (187ms)
				TypeCache.ScanAssembly (166ms)
			ScanForSourceGeneratedMonoScriptInfo (1ms)
			ResolveRequiredComponents (0ms)
	FinalizeReload (352ms)
		ReleaseScriptCaches (0ms)
		RebuildScriptCaches (0ms)
		SetupLoadedEditorAssemblies (282ms)
			LogAssemblyErrors (0ms)
			InitializePlatformSupportModulesInManaged (14ms)
			SetLoadedEditorAssemblies (8ms)
			RefreshPlugins (0ms)
			BeforeProcessingInitializeOnLoad (5ms)
			ProcessInitializeOnLoadAttributes (202ms)
			ProcessInitializeOnLoadMethodAttributes (54ms)
			AfterProcessingInitializeOnLoad (0ms)
			EditorAssembliesLoaded (0ms)
		ExecutionOrderSort2 (0ms)
		AwakeInstancesAfterBackupRestoration (0ms)
========================================================================
Worker process is ready to serve import requests
Begin MonoManager ReloadAssembly
- Loaded All Assemblies, in  0.286 seconds
Refreshing native plugins compatible for Editor in 0.00 ms, found 0 plugins.
Native extension for WindowsStandalone target not found
Native extension for WebGL target not found
Mono: successfully reloaded assembly
- Finished resetting the current domain, in  0.392 seconds
Domain Reload Profiling: 677ms
	BeginReloadAssembly (187ms)
		ExecutionOrderSort (0ms)
		DisableScriptedObjects (6ms)
		BackupInstance (0ms)
		ReleaseScriptingObjects (0ms)
		CreateAndSetChildDomain (35ms)
	RebuildCommonClasses (44ms)
	RebuildNativeTypeToScriptingClass (15ms)
	initialDomainReloadingComplete (27ms)
	LoadAllAssembliesAndSetupDomain (11ms)
		LoadAssemblies (106ms)
		RebuildTransferFunctionScriptingTraits (0ms)
		AnalyzeDomain (8ms)
			TypeCache.Refresh (6ms)
				TypeCache.ScanAssembly (1ms)
			ScanForSourceGeneratedMonoScriptInfo (1ms)
			ResolveRequiredComponents (1ms)
	FinalizeReload (392ms)
		ReleaseScriptCaches (0ms)
		RebuildScriptCaches (0ms)
		SetupLoadedEditorAssemblies (240ms)
			LogAssemblyErrors (0ms)
			InitializePlatformSupportModulesInManaged (9ms)
			SetLoadedEditorAssemblies (6ms)
			RefreshPlugins (0ms)
			BeforeProcessingInitializeOnLoad (31ms)
			ProcessInitializeOnLoadAttributes (165ms)
			ProcessInitializeOnLoadMethodAttributes (22ms)
			AfterProcessingInitializeOnLoad (8ms)
			EditorAssembliesLoaded (0ms)
		ExecutionOrderSort2 (0ms)
		AwakeInstancesAfterBackupRestoration (7ms)
Launched and connected shader compiler UnityShaderCompiler.exe after 0.06 seconds
Refreshing native plugins compatible for Editor in 0.00 ms, found 0 plugins.
Preloading 0 native plugins for Editor in 0.00 ms.
Unloading 11 Unused Serialized files (Serialized files now loaded: 0)
Unloading 3 unused Assets / (49.1 KB). Loaded Objects now: 487.
Memory consumption went from 54.6 MB to 54.6 MB.
Total: 2.774700 ms (FindLiveObjects: 0.447300 ms CreateObjectMapping: 0.004500 ms MarkObjects: 2.228200 ms  DeleteObjects: 0.093700 ms)

AssetImportParameters requested are different than current active one (requested -> active):
  custom:video-decoder-ogg-theora: a1e56fd34408186e4bbccfd4996cb3dc -> 
  custom:container-muxer-webm: aa71ff27fc2769a1b78a27578f13a17b -> 
  custom:container-demuxer-webm: 4f35f7cbe854078d1ac9338744f61a02 -> 
  custom:video-encoder-webm-vp8: eb34c28f22e8b96e1ab97ce403110664 -> 
  custom:CustomObjectIndexerAttribute: 43b350a4d6e6d1791af0b5038c4bea17 -> 
  custom:audio-encoder-webm-vorbis: bf7c407c2cedff20999df2af8eb42d56 -> 
  custom:framework-win-MediaFoundation: 216162199b28c13a410421893ffa2e32 -> 
  custom:SearchIndexIgnoredProperties: e643bd26f0fe6173181afceb89e7c659 -> 
  custom:container-demuxer-ogg: 62fdf1f143b41e24485cea50d1cbac27 -> 
  custom:video-decoder-webm-vp8: 9c59270c3fd7afecdb556c50c9e8de78 -> 
  custom:audio-decoder-ogg-vorbis: bf7c407c2cedff20999df2af8eb42d56 -> 
  custom:AudioImporter_EditorPlatform: d09bf68614088b80899f8185d706f6e7 -> 
========================================================================
Received Import Request.
  Time since last request: 1184593.796402 seconds.
  path: Assets
  artifactKey: Guid(00000000000000001000000000000000) Importer(815301076,1909f56bfc062723c751e8b465ee728b)
Start importing Assets using Guid(00000000000000001000000000000000) Importer(815301076,1909f56bfc062723c751e8b465ee728b)  -> (artifact id: '8a4fe85251aa2e89732c359432baa2c3') in 0.004744 seconds
Number of updated asset objects reloaded before import = 0
Number of asset objects unloaded after import = 0
========================================================================
Received Import Request.
  Time since last request: 49.199670 seconds.
  path: Assets/provided
  artifactKey: Guid(3de530032770c944bbf08e7dc900436c) Importer(815301076,1909f56bfc062723c751e8b465ee728b)
Start importing Assets/provided using Guid(3de530032770c944bbf08e7dc900436c) Importer(815301076,1909f56bfc062723c751e8b465ee728b)  -> (artifact id: '315e158873e92cc856e53ef555923922') in 0.000933 seconds
Number of updated asset objects reloaded before import = 0
Number of asset objects unloaded after import = 0
========================================================================
Received Import Request.
  Time since last request: 36.292784 seconds.
  path: Assets/Animations/Humanoid
  artifactKey: Guid(da927b279cdfcd84ea3fc75b9247648a) Importer(815301076,1909f56bfc062723c751e8b465ee728b)
Start importing Assets/Animations/Humanoid using Guid(da927b279cdfcd84ea3fc75b9247648a) Importer(815301076,1909f56bfc062723c751e8b465ee728b)  -> (artifact id: '385e90ca95d398df5f658367c57a9c8e') in 0.000597 seconds
Number of updated asset objects reloaded before import = 0
Number of asset objects unloaded after import = 0
========================================================================
Received Import Request.
  Time since last request: 3.470171 seconds.
  path: Assets/Animations/Humanoid/humanoid_idle.fbx
  artifactKey: Guid(7be7ff14188b5984ebfd6711078db3bb) Importer(815301076,1909f56bfc062723c751e8b465ee728b)
Start importing Assets/Animations/Humanoid/humanoid_idle.fbx using Guid(7be7ff14188b5984ebfd6711078db3bb) Importer(815301076,1909f56bfc062723c751e8b465ee728b)  -> (artifact id: '9385d0f012d5031f96033b6cc2c97b0b') in 0.044532 seconds
Number of updated asset objects reloaded before import = 0
Number of asset objects unloaded after import = 162
========================================================================
Received Import Request.
  Time since last request: 0.000026 seconds.
  path: Assets/Animations/Humanoid/humanoid_weapon_lower.fbx
  artifactKey: Guid(2ec4bde4760ff6649a9ebe052624c435) Importer(815301076,1909f56bfc062723c751e8b465ee728b)
Start importing Assets/Animations/Humanoid/humanoid_weapon_lower.fbx using Guid(2ec4bde4760ff6649a9ebe052624c435) Importer(815301076,1909f56bfc062723c751e8b465ee728b)  -> (artifact id: '56ca46abee3784865f4d414ee8cb62ef') in 0.619085 seconds
Number of updated asset objects reloaded before import = 0
Number of asset objects unloaded after import = 187
========================================================================
Received Import Request.
  Time since last request: 0.000036 seconds.
  path: Assets/Animations/Humanoid/humanoid_walkForward_turnWide.fbx
  artifactKey: Guid(36f55a60ada22a24da38ff60c83acc21) Importer(815301076,1909f56bfc062723c751e8b465ee728b)
Start importing Assets/Animations/Humanoid/humanoid_walkForward_turnWide.fbx using Guid(36f55a60ada22a24da38ff60c83acc21) Importer(815301076,1909f56bfc062723c751e8b465ee728b)  -> (artifact id: 'f53f8449293beb702f4958f20a733f2d') in 0.007963 seconds
Number of updated asset objects reloaded before import = 0
Number of asset objects unloaded after import = 158
========================================================================
Received Import Request.
  Time since last request: 0.000076 seconds.
  path: Assets/Animations/Humanoid/humanoid_turnOnSpot.fbx
  artifactKey: Guid(61fa5c5bf45ed2d4183281940b88e4d0) Importer(815301076,1909f56bfc062723c751e8b465ee728b)
Start importing Assets/Animations/Humanoid/humanoid_turnOnSpot.fbx using Guid(61fa5c5bf45ed2d4183281940b88e4d0) Importer(815301076,1909f56bfc062723c751e8b465ee728b)  -> (artifact id: '06af050e9d203f15e95a48fb939f99be') in 0.012698 seconds
Number of updated asset objects reloaded before import = 0
Number of asset objects unloaded after import = 164
========================================================================
Received Import Request.
  Time since last request: 0.000017 seconds.
  path: Assets/Animations/Humanoid/humanoid_walkForward_turnMedium.fbx
  artifactKey: Guid(5abb41ae2fd127247ad0dead84fff99a) Importer(815301076,1909f56bfc062723c751e8b465ee728b)
Start importing Assets/Animations/Humanoid/humanoid_walkForward_turnMedium.fbx using Guid(5abb41ae2fd127247ad0dead84fff99a) Importer(815301076,1909f56bfc062723c751e8b465ee728b)  -> (artifact id: '56387e12d1d09f1fe09376c23bee79b2') in 0.006584 seconds
Number of updated asset objects reloaded before import = 0
Number of asset objects unloaded after import = 158
========================================================================
Received Import Request.
  Time since last request: 0.000031 seconds.
  path: Assets/Animations/Humanoid/humanoid_walkForward_faceForward.fbx
  artifactKey: Guid(b2ec7d1faab152247859c1bf823d06a7) Importer(815301076,1909f56bfc062723c751e8b465ee728b)
Start importing Assets/Animations/Humanoid/humanoid_walkForward_faceForward.fbx using Guid(b2ec7d1faab152247859c1bf823d06a7) Importer(815301076,1909f56bfc062723c751e8b465ee728b)  -> (artifact id: '7efb4fb83452d36ecacbad68630c3e7c') in 0.008974 seconds
Number of updated asset objects reloaded before import = 0
Number of asset objects unloaded after import = 157
========================================================================
Received Import Request.
  Time since last request: 0.000015 seconds.
  path: Assets/Animations/Humanoid/humanoid_runForward_turnWide.fbx
  artifactKey: Guid(91fabea853a93d74b856f16c6f489a4d) Importer(815301076,1909f56bfc062723c751e8b465ee728b)
Start importing Assets/Animations/Humanoid/humanoid_runForward_turnWide.fbx using Guid(91fabea853a93d74b856f16c6f489a4d) Importer(815301076,1909f56bfc062723c751e8b465ee728b)  -> (artifact id: 'c077af973a70b82b70a2dbb883b41a9a') in 0.007051 seconds
Number of updated asset objects reloaded before import = 0
Number of asset objects unloaded after import = 162
========================================================================
Received Import Request.
  Time since last request: 9.292179 seconds.
  path: Assets/Animator/AvatarMasks
  artifactKey: Guid(437b02977c1186e4a8b4ea6dd40dd02e) Importer(815301076,1909f56bfc062723c751e8b465ee728b)
Start importing Assets/Animator/AvatarMasks using Guid(437b02977c1186e4a8b4ea6dd40dd02e) Importer(815301076,1909f56bfc062723c751e8b465ee728b)  -> (artifact id: '5f88f8c9b550d6d87ae126f3e0e66b8a') in 0.000846 seconds
Number of updated asset objects reloaded before import = 0
Number of asset objects unloaded after import = 0
========================================================================
Received Import Request.
  Time since last request: 0.066335 seconds.
  path: Assets/Animator/AvatarMasks/EnemyGunMask.mask
  artifactKey: Guid(3d3da384e63f9f140abc19b84fc03f51) Importer(815301076,1909f56bfc062723c751e8b465ee728b)
Start importing Assets/Animator/AvatarMasks/EnemyGunMask.mask using Guid(3d3da384e63f9f140abc19b84fc03f51) Importer(815301076,1909f56bfc062723c751e8b465ee728b)  -> (artifact id: '73384926df52ae7ff616e7717e1c2e35') in 0.001323 seconds
Number of updated asset objects reloaded before import = 0
Number of asset objects unloaded after import = 1
========================================================================
Received Import Request.
  Time since last request: 0.012108 seconds.
  path: Assets/Animator/AvatarMasks/EnemyShootingMask.mask
  artifactKey: Guid(f8a40529b736b7048aa7a69244186418) Importer(815301076,1909f56bfc062723c751e8b465ee728b)
Start importing Assets/Animator/AvatarMasks/EnemyShootingMask.mask using Guid(f8a40529b736b7048aa7a69244186418) Importer(815301076,1909f56bfc062723c751e8b465ee728b)  -> (artifact id: 'b4ce3bf73167559394ec53daaf533522') in 0.001341 seconds
Number of updated asset objects reloaded before import = 0
Number of asset objects unloaded after import = 1
========================================================================
Received Import Request.
  Time since last request: 7.141934 seconds.
  path: Assets/Textures/char_robotGuard_body_dff.tif
  artifactKey: Guid(e0489bcd240c6e640805486e4578832b) Importer(815301076,1909f56bfc062723c751e8b465ee728b)
Start importing Assets/Textures/char_robotGuard_body_dff.tif using Guid(e0489bcd240c6e640805486e4578832b) Importer(815301076,1909f56bfc062723c751e8b465ee728b)  -> (artifact id: '609f2f31ee85c9b87ab6a457f94da9f1') in 0.055530 seconds
Number of updated asset objects reloaded before import = 0
Number of asset objects unloaded after import = 2
========================================================================
Received Import Request.
  Time since last request: 0.000036 seconds.
  path: Assets/Textures/propCrate_NRM.psd
  artifactKey: Guid(b98f7de53a3e7e447847f5db77911264) Importer(815301076,1909f56bfc062723c751e8b465ee728b)
Start importing Assets/Textures/propCrate_NRM.psd using Guid(b98f7de53a3e7e447847f5db77911264) Importer(815301076,1909f56bfc062723c751e8b465ee728b)  -> (artifact id: '500c816cb3759334734c74d4f9027b20') in 0.040308 seconds
Number of updated asset objects reloaded before import = 0
Number of asset objects unloaded after import = 2
========================================================================
Received Import Request.
  Time since last request: 0.000025 seconds.
  path: Assets/Textures/cube_stealth01_sharp.cubemap
  artifactKey: Guid(fa43e2bcb8953814d8a89e83a2a7a867) Importer(815301076,1909f56bfc062723c751e8b465ee728b)
Start importing Assets/Textures/cube_stealth01_sharp.cubemap using Guid(fa43e2bcb8953814d8a89e83a2a7a867) Importer(815301076,1909f56bfc062723c751e8b465ee728b)  -> (artifact id: '2df2c9703f322e5b8132614aaf168b00') in 0.200924 seconds
Number of updated asset objects reloaded before import = 0
Number of asset objects unloaded after import = 1
========================================================================
Received Import Request.
  Time since last request: 0.000039 seconds.
  path: Assets/Textures/cube_stealth01_soft.cubemap
  artifactKey: Guid(6c5668bb9f9669342bfdd3eaddebb56b) Importer(815301076,1909f56bfc062723c751e8b465ee728b)
Start importing Assets/Textures/cube_stealth01_soft.cubemap using Guid(6c5668bb9f9669342bfdd3eaddebb56b) Importer(815301076,1909f56bfc062723c751e8b465ee728b)  -> (artifact id: '66621e133830a676385df77c3a5def34') in 0.034279 seconds
Number of updated asset objects reloaded before import = 0
Number of asset objects unloaded after import = 1
========================================================================
Received Import Request.
  Time since last request: 0.000036 seconds.
  path: Assets/Textures/propScaffJoint_DFF.psd
  artifactKey: Guid(74c6db86f2f5a684384c8d581a259039) Importer(815301076,1909f56bfc062723c751e8b465ee728b)
Start importing Assets/Textures/propScaffJoint_DFF.psd using Guid(74c6db86f2f5a684384c8d581a259039) Importer(815301076,1909f56bfc062723c751e8b465ee728b)  -> (artifact id: '125050a442c196dfd830ec1d930e965c') in 0.034193 seconds
Number of updated asset objects reloaded before import = 0
Number of asset objects unloaded after import = 2
========================================================================
Received Import Request.
  Time since last request: 0.000037 seconds.
  path: Assets/Textures/tileWoodPlywood_var01_DFF.psd
  artifactKey: Guid(d88294ccfe0ea8649b74a48549807995) Importer(815301076,1909f56bfc062723c751e8b465ee728b)
Start importing Assets/Textures/tileWoodPlywood_var01_DFF.psd using Guid(d88294ccfe0ea8649b74a48549807995) Importer(815301076,1909f56bfc062723c751e8b465ee728b)  -> (artifact id: '714e8c9d3fc384a83184a5b667696e04') in 0.035302 seconds
Number of updated asset objects reloaded before import = 0
Number of asset objects unloaded after import = 2
========================================================================
Received Import Request.
  Time since last request: 0.000018 seconds.
  path: Assets/Textures/tileConcreteFlooring_var01_NRM.psd
  artifactKey: Guid(f7434a7cb1b634547b7b53714b9d5451) Importer(815301076,1909f56bfc062723c751e8b465ee728b)
Start importing Assets/Textures/tileConcreteFlooring_var01_NRM.psd using Guid(f7434a7cb1b634547b7b53714b9d5451) Importer(815301076,1909f56bfc062723c751e8b465ee728b)  -> (artifact id: '3b78750cbdc1d1b55a7ebfe3766b8299') in 0.032260 seconds
Number of updated asset objects reloaded before import = 0
Number of asset objects unloaded after import = 2
========================================================================
Received Import Request.
  Time since last request: 0.000017 seconds.
  path: Assets/Textures/tileMetalCorrugated_var01_DFF.psd
  artifactKey: Guid(ac038d30d9736fa46b1aeb7275406c79) Importer(815301076,1909f56bfc062723c751e8b465ee728b)
Start importing Assets/Textures/tileMetalCorrugated_var01_DFF.psd using Guid(ac038d30d9736fa46b1aeb7275406c79) Importer(815301076,1909f56bfc062723c751e8b465ee728b)  -> (artifact id: 'de18a600a5a8d4bc2bd5f68f8ca876fd') in 0.035125 seconds
Number of updated asset objects reloaded before import = 0
Number of asset objects unloaded after import = 2
========================================================================
Received Import Request.
  Time since last request: 0.000017 seconds.
  path: Assets/Textures/prop_sciFiGun_dff.tif
  artifactKey: Guid(ee75d90e8a153444d9c6948dfaf1401c) Importer(815301076,1909f56bfc062723c751e8b465ee728b)
Start importing Assets/Textures/prop_sciFiGun_dff.tif using Guid(ee75d90e8a153444d9c6948dfaf1401c) Importer(815301076,1909f56bfc062723c751e8b465ee728b)  -> (artifact id: 'dd81aa082a62e0e96aa3df48849cb22f') in 0.034757 seconds
Number of updated asset objects reloaded before import = 0
Number of asset objects unloaded after import = 2
========================================================================
Received Import Request.
  Time since last request: 0.000021 seconds.
  path: Assets/Textures/propContainer_var01_DFF.psd
  artifactKey: Guid(015a207b66daa554d85ad04d2966fa53) Importer(815301076,1909f56bfc062723c751e8b465ee728b)
Start importing Assets/Textures/propContainer_var01_DFF.psd using Guid(015a207b66daa554d85ad04d2966fa53) Importer(815301076,1909f56bfc062723c751e8b465ee728b)  -> (artifact id: '3fdcc219e0b6f0f3fab102963b5db214') in 0.036390 seconds
Number of updated asset objects reloaded before import = 0
Number of asset objects unloaded after import = 2
