Using pre-set license
Built from '2022.3/staging' branch; Version is '2022.3.16f1 (d2c21f0ef2f1) revision 13812255'; Using compiler version '192829333'; Build Type 'Release'
OS: 'Windows 10  (10.0.19045) 64bit CoreSingleLanguage' Language: 'en' Physical Memory: 7894 MB
BatchMode: 1, IsHumanControllingUs: 0, StartBugReporterOnCrash: 0, Is64bit: 1, IsPro: 1

COMMAND LINE ARGUMENTS:
C:\Program Files\Unity\Hub\Editor\2022.3.16f1\Editor\Unity.exe
-adb2
-batchMode
-noUpm
-name
AssetImportWorker1
-projectPath
D:/Desktop/Game/ThucHanh/lab8/52100812_Lab7_Game/My project
-logFile
Logs/AssetImportWorker1.log
-srvPort
61855
Successfully changed project path to: D:/Desktop/Game/ThucHanh/lab8/52100812_Lab7_Game/My project
D:/Desktop/Game/ThucHanh/lab8/52100812_Lab7_Game/My project
[UnityMemory] Configuration Parameters - Can be set up in boot.config
    "memorysetup-bucket-allocator-granularity=16"
    "memorysetup-bucket-allocator-bucket-count=8"
    "memorysetup-bucket-allocator-block-size=33554432"
    "memorysetup-bucket-allocator-block-count=8"
    "memorysetup-main-allocator-block-size=16777216"
    "memorysetup-thread-allocator-block-size=16777216"
    "memorysetup-gfx-main-allocator-block-size=16777216"
    "memorysetup-gfx-thread-allocator-block-size=16777216"
    "memorysetup-cache-allocator-block-size=4194304"
    "memorysetup-typetree-allocator-block-size=2097152"
    "memorysetup-profiler-bucket-allocator-granularity=16"
    "memorysetup-profiler-bucket-allocator-bucket-count=8"
    "memorysetup-profiler-bucket-allocator-block-size=33554432"
    "memorysetup-profiler-bucket-allocator-block-count=8"
    "memorysetup-profiler-allocator-block-size=16777216"
    "memorysetup-profiler-editor-allocator-block-size=1048576"
    "memorysetup-temp-allocator-size-main=16777216"
    "memorysetup-job-temp-allocator-block-size=2097152"
    "memorysetup-job-temp-allocator-block-size-background=1048576"
    "memorysetup-job-temp-allocator-reduction-small-platforms=262144"
    "memorysetup-allocator-temp-initial-block-size-main=262144"
    "memorysetup-allocator-temp-initial-block-size-worker=262144"
    "memorysetup-temp-allocator-size-background-worker=32768"
    "memorysetup-temp-allocator-size-job-worker=262144"
    "memorysetup-temp-allocator-size-preload-manager=33554432"
    "memorysetup-temp-allocator-size-nav-mesh-worker=65536"
    "memorysetup-temp-allocator-size-audio-worker=65536"
    "memorysetup-temp-allocator-size-cloud-worker=32768"
    "memorysetup-temp-allocator-size-gi-baking-worker=262144"
    "memorysetup-temp-allocator-size-gfx=262144"
Player connection [14580] Host "[IP] 192.168.56.1 [Port] 0 [Flags] 2 [Guid] 1668122148 [EditorId] 1668122148 [Version] 1048832 [Id] WindowsEditor(7,Lan) [Debug] 1 [PackageName] WindowsEditor [ProjectName] Editor" joined multi-casting on [225.0.0.222:54997]...

Player connection [14580] Host "[IP] 192.168.56.1 [Port] 0 [Flags] 2 [Guid] 1668122148 [EditorId] 1668122148 [Version] 1048832 [Id] WindowsEditor(7,Lan) [Debug] 1 [PackageName] WindowsEditor [ProjectName] Editor" joined alternative multi-casting on [225.0.0.222:34997]...

[Physics::Module] Initialized MultithreadedJobDispatcher with 7 workers.
Refreshing native plugins compatible for Editor in 0.00 ms, found 0 plugins.
Preloading 0 native plugins for Editor in 0.00 ms.
Initialize engine version: 2022.3.16f1 (d2c21f0ef2f1)
[Subsystems] Discovering subsystems at path C:/Program Files/Unity/Hub/Editor/2022.3.16f1/Editor/Data/Resources/UnitySubsystems
[Subsystems] Discovering subsystems at path D:/Desktop/Game/ThucHanh/lab8/52100812_Lab7_Game/My project/Assets
GfxDevice: creating device client; threaded=0; jobified=0
Direct3D:
    Version:  Direct3D 11.0 [level 11.1]
    Renderer: Intel(R) Iris(R) Xe Graphics (ID=0x9a49)
    Vendor:   Intel
    VRAM:     3947 MB
    Driver:   30.0.100.9864
Initialize mono
Mono path[0] = 'C:/Program Files/Unity/Hub/Editor/2022.3.16f1/Editor/Data/Managed'
Mono path[1] = 'C:/Program Files/Unity/Hub/Editor/2022.3.16f1/Editor/Data/MonoBleedingEdge/lib/mono/unityjit-win32'
Mono config path = 'C:/Program Files/Unity/Hub/Editor/2022.3.16f1/Editor/Data/MonoBleedingEdge/etc'
Using monoOptions --debugger-agent=transport=dt_socket,embedding=1,server=y,suspend=n,address=127.0.0.1:56600
Begin MonoManager ReloadAssembly
Registering precompiled unity dll's ...
Register platform support module: C:/Program Files/Unity/Hub/Editor/2022.3.16f1/Editor/Data/PlaybackEngines/WebGLSupport/UnityEditor.WebGL.Extensions.dll
Register platform support module: C:/Program Files/Unity/Hub/Editor/2022.3.16f1/Editor/Data/PlaybackEngines/WindowsStandaloneSupport/UnityEditor.WindowsStandalone.Extensions.dll
Registered in 0.013092 seconds.
- Loaded All Assemblies, in  0.601 seconds
Native extension for WindowsStandalone target not found
Native extension for WebGL target not found
Mono: successfully reloaded assembly
- Finished resetting the current domain, in  0.354 seconds
Domain Reload Profiling: 953ms
	BeginReloadAssembly (251ms)
		ExecutionOrderSort (0ms)
		DisableScriptedObjects (0ms)
		BackupInstance (0ms)
		ReleaseScriptingObjects (0ms)
		CreateAndSetChildDomain (1ms)
	RebuildCommonClasses (69ms)
	RebuildNativeTypeToScriptingClass (14ms)
	initialDomainReloadingComplete (75ms)
	LoadAllAssembliesAndSetupDomain (189ms)
		LoadAssemblies (249ms)
		RebuildTransferFunctionScriptingTraits (0ms)
		AnalyzeDomain (186ms)
			TypeCache.Refresh (184ms)
				TypeCache.ScanAssembly (165ms)
			ScanForSourceGeneratedMonoScriptInfo (0ms)
			ResolveRequiredComponents (1ms)
	FinalizeReload (355ms)
		ReleaseScriptCaches (0ms)
		RebuildScriptCaches (0ms)
		SetupLoadedEditorAssemblies (286ms)
			LogAssemblyErrors (0ms)
			InitializePlatformSupportModulesInManaged (13ms)
			SetLoadedEditorAssemblies (10ms)
			RefreshPlugins (0ms)
			BeforeProcessingInitializeOnLoad (5ms)
			ProcessInitializeOnLoadAttributes (204ms)
			ProcessInitializeOnLoadMethodAttributes (54ms)
			AfterProcessingInitializeOnLoad (0ms)
			EditorAssembliesLoaded (0ms)
		ExecutionOrderSort2 (0ms)
		AwakeInstancesAfterBackupRestoration (0ms)
========================================================================
Worker process is ready to serve import requests
Begin MonoManager ReloadAssembly
- Loaded All Assemblies, in  0.299 seconds
Refreshing native plugins compatible for Editor in 0.00 ms, found 0 plugins.
Native extension for WindowsStandalone target not found
Native extension for WebGL target not found
Mono: successfully reloaded assembly
- Finished resetting the current domain, in  0.389 seconds
Domain Reload Profiling: 687ms
	BeginReloadAssembly (202ms)
		ExecutionOrderSort (0ms)
		DisableScriptedObjects (7ms)
		BackupInstance (0ms)
		ReleaseScriptingObjects (0ms)
		CreateAndSetChildDomain (44ms)
	RebuildCommonClasses (43ms)
	RebuildNativeTypeToScriptingClass (15ms)
	initialDomainReloadingComplete (27ms)
	LoadAllAssembliesAndSetupDomain (11ms)
		LoadAssemblies (106ms)
		RebuildTransferFunctionScriptingTraits (0ms)
		AnalyzeDomain (8ms)
			TypeCache.Refresh (6ms)
				TypeCache.ScanAssembly (1ms)
			ScanForSourceGeneratedMonoScriptInfo (1ms)
			ResolveRequiredComponents (1ms)
	FinalizeReload (389ms)
		ReleaseScriptCaches (0ms)
		RebuildScriptCaches (0ms)
		SetupLoadedEditorAssemblies (240ms)
			LogAssemblyErrors (0ms)
			InitializePlatformSupportModulesInManaged (9ms)
			SetLoadedEditorAssemblies (6ms)
			RefreshPlugins (0ms)
			BeforeProcessingInitializeOnLoad (31ms)
			ProcessInitializeOnLoadAttributes (165ms)
			ProcessInitializeOnLoadMethodAttributes (22ms)
			AfterProcessingInitializeOnLoad (8ms)
			EditorAssembliesLoaded (0ms)
		ExecutionOrderSort2 (0ms)
		AwakeInstancesAfterBackupRestoration (7ms)
Launched and connected shader compiler UnityShaderCompiler.exe after 0.06 seconds
Refreshing native plugins compatible for Editor in 0.00 ms, found 0 plugins.
Preloading 0 native plugins for Editor in 0.00 ms.
Unloading 11 Unused Serialized files (Serialized files now loaded: 0)
Unloading 3 unused Assets / (49.1 KB). Loaded Objects now: 487.
Memory consumption went from 54.7 MB to 54.7 MB.
Total: 3.092400 ms (FindLiveObjects: 0.448900 ms CreateObjectMapping: 0.005300 ms MarkObjects: 2.566700 ms  DeleteObjects: 0.070500 ms)

AssetImportParameters requested are different than current active one (requested -> active):
  custom:video-decoder-ogg-theora: a1e56fd34408186e4bbccfd4996cb3dc -> 
  custom:container-muxer-webm: aa71ff27fc2769a1b78a27578f13a17b -> 
  custom:container-demuxer-webm: 4f35f7cbe854078d1ac9338744f61a02 -> 
  custom:video-encoder-webm-vp8: eb34c28f22e8b96e1ab97ce403110664 -> 
  custom:CustomObjectIndexerAttribute: 43b350a4d6e6d1791af0b5038c4bea17 -> 
  custom:audio-encoder-webm-vorbis: bf7c407c2cedff20999df2af8eb42d56 -> 
  custom:framework-win-MediaFoundation: 216162199b28c13a410421893ffa2e32 -> 
  custom:SearchIndexIgnoredProperties: e643bd26f0fe6173181afceb89e7c659 -> 
  custom:container-demuxer-ogg: 62fdf1f143b41e24485cea50d1cbac27 -> 
  custom:video-decoder-webm-vp8: 9c59270c3fd7afecdb556c50c9e8de78 -> 
  custom:audio-decoder-ogg-vorbis: bf7c407c2cedff20999df2af8eb42d56 -> 
  custom:AudioImporter_EditorPlatform: d09bf68614088b80899f8185d706f6e7 -> 
========================================================================
Received Import Request.
  Time since last request: 1184682.768833 seconds.
  path: Assets/Animations/Humanoid/humanoid_runForward_faceForward.fbx
  artifactKey: Guid(4cc3bf35c57979d418f3f2ad655b27c7) Importer(815301076,1909f56bfc062723c751e8b465ee728b)
Start importing Assets/Animations/Humanoid/humanoid_runForward_faceForward.fbx using Guid(4cc3bf35c57979d418f3f2ad655b27c7) Importer(815301076,1909f56bfc062723c751e8b465ee728b)  -> (artifact id: '3499bb639e409cecf1d20aeb23f0a210') in 0.044193 seconds
Number of updated asset objects reloaded before import = 0
Number of asset objects unloaded after import = 157
========================================================================
Received Import Request.
  Time since last request: 0.000023 seconds.
  path: Assets/Animations/Humanoid/humanoid_walkForward_turnShort.fbx
  artifactKey: Guid(032469c43fec36145a3d639b447ed3ee) Importer(815301076,1909f56bfc062723c751e8b465ee728b)
Start importing Assets/Animations/Humanoid/humanoid_walkForward_turnShort.fbx using Guid(032469c43fec36145a3d639b447ed3ee) Importer(815301076,1909f56bfc062723c751e8b465ee728b)  -> (artifact id: '104557b1ec144ae3ce8054d1f87d4abf') in 0.003841 seconds
Number of updated asset objects reloaded before import = 0
Number of asset objects unloaded after import = 158
========================================================================
Received Import Request.
  Time since last request: 0.000016 seconds.
  path: Assets/Animations/Humanoid/humanoid_weapon_raise.fbx
  artifactKey: Guid(5a91f67895dacab46bf50935334f3977) Importer(815301076,1909f56bfc062723c751e8b465ee728b)
Start importing Assets/Animations/Humanoid/humanoid_weapon_raise.fbx using Guid(5a91f67895dacab46bf50935334f3977) Importer(815301076,1909f56bfc062723c751e8b465ee728b)  -> (artifact id: 'dae8a9039a8a5550ac837a7ab5966257') in 0.613122 seconds
Number of updated asset objects reloaded before import = 0
Number of asset objects unloaded after import = 187
========================================================================
Received Import Request.
  Time since last request: 0.000031 seconds.
  path: Assets/Animations/Humanoid/humanoid_runForward_turnMedium.fbx
  artifactKey: Guid(3a63af02f0e3fef4e96c8653168fa8f0) Importer(815301076,1909f56bfc062723c751e8b465ee728b)
Start importing Assets/Animations/Humanoid/humanoid_runForward_turnMedium.fbx using Guid(3a63af02f0e3fef4e96c8653168fa8f0) Importer(815301076,1909f56bfc062723c751e8b465ee728b)  -> (artifact id: '2c7d8a64824b6f15a886bc8332527768') in 0.007883 seconds
Number of updated asset objects reloaded before import = 0
Number of asset objects unloaded after import = 162
========================================================================
Received Import Request.
  Time since last request: 0.000055 seconds.
  path: Assets/Animations/Humanoid/humanoid_weapon_shoot.fbx
  artifactKey: Guid(b157cdcdb0f1cbe4dad60f2bfe986755) Importer(815301076,1909f56bfc062723c751e8b465ee728b)
Start importing Assets/Animations/Humanoid/humanoid_weapon_shoot.fbx using Guid(b157cdcdb0f1cbe4dad60f2bfe986755) Importer(815301076,1909f56bfc062723c751e8b465ee728b)  -> (artifact id: '9b0a24cfc11973475fc7bf18da51f03d') in 0.121874 seconds
Number of updated asset objects reloaded before import = 0
Number of asset objects unloaded after import = 187
========================================================================
Received Import Request.
  Time since last request: 16.434497 seconds.
  path: Assets/Textures/char_robotGuard_body_nrm.tif
  artifactKey: Guid(55b18bf3e73bab845b560484deb26b2f) Importer(815301076,1909f56bfc062723c751e8b465ee728b)
Start importing Assets/Textures/char_robotGuard_body_nrm.tif using Guid(55b18bf3e73bab845b560484deb26b2f) Importer(815301076,1909f56bfc062723c751e8b465ee728b)  -> (artifact id: '61319bc7ec67148dab2cd366fe133066') in 0.055127 seconds
Number of updated asset objects reloaded before import = 0
Number of asset objects unloaded after import = 2
========================================================================
Received Import Request.
  Time since last request: 0.000024 seconds.
  path: Assets/Textures/tileMetalCorrugated_var03_DFF.psd
  artifactKey: Guid(f3decc98c4385634f9577d7848c3d744) Importer(815301076,1909f56bfc062723c751e8b465ee728b)
Start importing Assets/Textures/tileMetalCorrugated_var03_DFF.psd using Guid(f3decc98c4385634f9577d7848c3d744) Importer(815301076,1909f56bfc062723c751e8b465ee728b)  -> (artifact id: '3fc4c7b24ec09a45f3b340b73c23fcdc') in 0.038762 seconds
Number of updated asset objects reloaded before import = 0
Number of asset objects unloaded after import = 2
========================================================================
Received Import Request.
  Time since last request: 0.000027 seconds.
  path: Assets/Textures/char_robotGuard_helmet_nrm.tif
  artifactKey: Guid(ed1c090bf367d964b8082e9e25999d82) Importer(815301076,1909f56bfc062723c751e8b465ee728b)
Start importing Assets/Textures/char_robotGuard_helmet_nrm.tif using Guid(ed1c090bf367d964b8082e9e25999d82) Importer(815301076,1909f56bfc062723c751e8b465ee728b)  -> (artifact id: 'ae1e443a862d0357f618db301b53eae4') in 0.044594 seconds
Number of updated asset objects reloaded before import = 0
Number of asset objects unloaded after import = 2
========================================================================
Received Import Request.
  Time since last request: 0.000025 seconds.
  path: Assets/Textures/tileConcreteFlooring_var01_DFF.psd
  artifactKey: Guid(86506948224d8d44fb07bf338f8c12d0) Importer(815301076,1909f56bfc062723c751e8b465ee728b)
Start importing Assets/Textures/tileConcreteFlooring_var01_DFF.psd using Guid(86506948224d8d44fb07bf338f8c12d0) Importer(815301076,1909f56bfc062723c751e8b465ee728b)  -> (artifact id: 'a291bbe0e7ca5de50306741f7f8d6c99') in 0.040629 seconds
Number of updated asset objects reloaded before import = 0
Number of asset objects unloaded after import = 2
========================================================================
Received Import Request.
  Time since last request: 0.000031 seconds.
  path: Assets/Textures/propCrate_DFF.psd
  artifactKey: Guid(16a97b98cbe1e3b49b943717699ffce8) Importer(815301076,1909f56bfc062723c751e8b465ee728b)
Start importing Assets/Textures/propCrate_DFF.psd using Guid(16a97b98cbe1e3b49b943717699ffce8) Importer(815301076,1909f56bfc062723c751e8b465ee728b)  -> (artifact id: '6a2b6ff928c5a1cdbd18ab8614ed237d') in 0.040904 seconds
Number of updated asset objects reloaded before import = 0
Number of asset objects unloaded after import = 2
========================================================================
Received Import Request.
  Time since last request: 0.000020 seconds.
  path: Assets/Textures/prop_sciFiGun_nrm.tif
  artifactKey: Guid(35a3342990e13b543bcd9715ebbe1f69) Importer(815301076,1909f56bfc062723c751e8b465ee728b)
Start importing Assets/Textures/prop_sciFiGun_nrm.tif using Guid(35a3342990e13b543bcd9715ebbe1f69) Importer(815301076,1909f56bfc062723c751e8b465ee728b)  -> (artifact id: '786748a015ab45fa4a2abcc2f79c8948') in 0.037563 seconds
Number of updated asset objects reloaded before import = 0
Number of asset objects unloaded after import = 2
========================================================================
Received Import Request.
  Time since last request: 0.000017 seconds.
  path: Assets/Textures/propContainer_var02_DFF.psd
  artifactKey: Guid(88bb36969d0572a4594f566b5d3320f1) Importer(815301076,1909f56bfc062723c751e8b465ee728b)
Start importing Assets/Textures/propContainer_var02_DFF.psd using Guid(88bb36969d0572a4594f566b5d3320f1) Importer(815301076,1909f56bfc062723c751e8b465ee728b)  -> (artifact id: '2aca54723f2d5a288c81870b5995aa95') in 0.036921 seconds
Number of updated asset objects reloaded before import = 0
Number of asset objects unloaded after import = 2
========================================================================
Received Import Request.
  Time since last request: 0.000015 seconds.
  path: Assets/Textures/propContainer_var01_NRM.psd
  artifactKey: Guid(417ce7c1edc8ed34a9cd57fad66b1240) Importer(815301076,1909f56bfc062723c751e8b465ee728b)
Start importing Assets/Textures/propContainer_var01_NRM.psd using Guid(417ce7c1edc8ed34a9cd57fad66b1240) Importer(815301076,1909f56bfc062723c751e8b465ee728b)  -> (artifact id: '8eaf13a3400c0029da9f79b5b5294160') in 0.035557 seconds
Number of updated asset objects reloaded before import = 0
Number of asset objects unloaded after import = 2
========================================================================
Received Import Request.
  Time since last request: 0.000015 seconds.
  path: Assets/Textures/tileMetalGavanised_DFF.psd
  artifactKey: Guid(5b3e198c71b316548b0feb708750074e) Importer(815301076,1909f56bfc062723c751e8b465ee728b)
Start importing Assets/Textures/tileMetalGavanised_DFF.psd using Guid(5b3e198c71b316548b0feb708750074e) Importer(815301076,1909f56bfc062723c751e8b465ee728b)  -> (artifact id: '3094bd19e68e56af647b127a4629d090') in 0.033561 seconds
Number of updated asset objects reloaded before import = 0
Number of asset objects unloaded after import = 2
========================================================================
Received Import Request.
  Time since last request: 0.000020 seconds.
  path: Assets/Textures/tileConcreteFlooring_var02_DFF.psd
  artifactKey: Guid(4ed81e0f91fbed1469d92db7806a4a3b) Importer(815301076,1909f56bfc062723c751e8b465ee728b)
Start importing Assets/Textures/tileConcreteFlooring_var02_DFF.psd using Guid(4ed81e0f91fbed1469d92db7806a4a3b) Importer(815301076,1909f56bfc062723c751e8b465ee728b)  -> (artifact id: '45d27378710e7f88ec144006714db571') in 0.036002 seconds
Number of updated asset objects reloaded before import = 0
Number of asset objects unloaded after import = 2
========================================================================
Received Import Request.
  Time since last request: 0.000020 seconds.
  path: Assets/Textures/propContainer_var03_DFF.psd
  artifactKey: Guid(1e870ac438c91ee4382c1904fea991f5) Importer(815301076,1909f56bfc062723c751e8b465ee728b)
Start importing Assets/Textures/propContainer_var03_DFF.psd using Guid(1e870ac438c91ee4382c1904fea991f5) Importer(815301076,1909f56bfc062723c751e8b465ee728b)  -> (artifact id: 'cc8c39f3a11082857ebb573bba36c005') in 0.033281 seconds
Number of updated asset objects reloaded before import = 0
Number of asset objects unloaded after import = 2
========================================================================
Received Import Request.
  Time since last request: 0.000022 seconds.
  path: Assets/Textures/tileWoodPlywood_var02_DFF.psd
  artifactKey: Guid(9554ac0e7074a2b47adeb3eaed3fc58d) Importer(815301076,1909f56bfc062723c751e8b465ee728b)
Start importing Assets/Textures/tileWoodPlywood_var02_DFF.psd using Guid(9554ac0e7074a2b47adeb3eaed3fc58d) Importer(815301076,1909f56bfc062723c751e8b465ee728b)  -> (artifact id: '095092bf92e7acfc1ac2dabeb2d7df4d') in 0.034751 seconds
Number of updated asset objects reloaded before import = 0
Number of asset objects unloaded after import = 2
========================================================================
Received Import Request.
  Time since last request: 0.000022 seconds.
  path: Assets/Textures/tileWood_rough_DFF.psd
  artifactKey: Guid(5962efa5eab1ab04bb09b139aad481e9) Importer(815301076,1909f56bfc062723c751e8b465ee728b)
Start importing Assets/Textures/tileWood_rough_DFF.psd using Guid(5962efa5eab1ab04bb09b139aad481e9) Importer(815301076,1909f56bfc062723c751e8b465ee728b)  -> (artifact id: '879b81deb885fc055d0793e0f90e177a') in 0.033819 seconds
Number of updated asset objects reloaded before import = 0
Number of asset objects unloaded after import = 2
========================================================================
Received Import Request.
  Time since last request: 0.000037 seconds.
  path: Assets/Textures/tileMetalCorrugated_var02_DFF.psd
  artifactKey: Guid(7d5bdb6148b6c174ebdae60643c6bebc) Importer(815301076,1909f56bfc062723c751e8b465ee728b)
Start importing Assets/Textures/tileMetalCorrugated_var02_DFF.psd using Guid(7d5bdb6148b6c174ebdae60643c6bebc) Importer(815301076,1909f56bfc062723c751e8b465ee728b)  -> (artifact id: '7383f3aad3ba6977f8fa2365671bde48') in 0.036786 seconds
Number of updated asset objects reloaded before import = 0
Number of asset objects unloaded after import = 2
========================================================================
Received Import Request.
  Time since last request: 0.000031 seconds.
  path: Assets/Textures/char_robotGuard_helmet_dff.tif
  artifactKey: Guid(92910756311041f40b15dcc196c97710) Importer(815301076,1909f56bfc062723c751e8b465ee728b)
Start importing Assets/Textures/char_robotGuard_helmet_dff.tif using Guid(92910756311041f40b15dcc196c97710) Importer(815301076,1909f56bfc062723c751e8b465ee728b)  -> (artifact id: 'debfa24a34d86f37c45838c646885a4c') in 0.035165 seconds
Number of updated asset objects reloaded before import = 0
Number of asset objects unloaded after import = 2
